#-----------------------------------------------------------
# Vivado v2018.2 (64-bit)
# SW Build 2258646 on Thu Jun 14 20:03:12 MDT 2018
# IP Build 2256618 on Thu Jun 14 22:10:49 MDT 2018
# Start of session at: Thu Jan 13 12:21:26 2022
# Process ID: 13348
# Current directory: C:/Users/DORIAN/Desktop/project_dorian
# Command line: vivado.exe -gui_launcher_event rodinguilauncherevent19852 C:\Users\DORIAN\Desktop\project_dorian\project_hada.xpr
# Log file: C:/Users/DORIAN/Desktop/project_dorian/vivado.log
# Journal file: C:/Users/DORIAN/Desktop/project_dorian\vivado.jou
#-----------------------------------------------------------
start_gui
open_project C:/Users/DORIAN/Desktop/project_dorian/project_hada.xpr
INFO: [Project 1-313] Project file moved from 'C:/Users/DORIAN/project_hada' since last save.
Scanning sources...
Finished scanning sources
INFO: [IP_Flow 19-234] Refreshing IP repositories
INFO: [IP_Flow 19-1704] No user IP repositories specified
INFO: [IP_Flow 19-2313] Loaded Vivado IP repository 'C:/Users/DORIAN/Desktop/Vivado/2018.2/data/ip'.
update_compile_order -fileset sources_1
launch_simulation
INFO: [Vivado 12-5682] Launching behavioral simulation in 'C:/Users/DORIAN/Desktop/project_dorian/project_hada.sim/sim_1/behav/xsim'
INFO: [SIM-utils-51] Simulation object is 'sim_1'
INFO: [SIM-utils-54] Inspecting design source files for 'fsm_sim' in fileset 'sim_1'...
INFO: [USF-XSim-97] Finding global include files...
INFO: [USF-XSim-98] Fetching design files from 'sim_1'...
INFO: [USF-XSim-2] XSim::Compile design
INFO: [USF-XSim-61] Executing 'COMPILE and ANALYZE' step in 'C:/Users/DORIAN/Desktop/project_dorian/project_hada.sim/sim_1/behav/xsim'
"xvhdl --incr --relax -prj fsm_sim_vhdl.prj"
INFO: [VRFC 10-163] Analyzing VHDL file "C:/Users/DORIAN/Desktop/project_dorian/project_hada.srcs/sources_1/new/counter.vhd" into library xil_defaultlib
INFO: [VRFC 10-307] analyzing entity counter
INFO: [VRFC 10-163] Analyzing VHDL file "C:/Users/DORIAN/Desktop/project_dorian/project_hada.srcs/sources_1/new/fsm.vhd" into library xil_defaultlib
INFO: [VRFC 10-307] analyzing entity fsm
INFO: [VRFC 10-163] Analyzing VHDL file "C:/Users/DORIAN/Desktop/project_dorian/project_hada.srcs/sources_1/new/mux4.vhd" into library xil_defaultlib
INFO: [VRFC 10-307] analyzing entity mux4
INFO: [VRFC 10-163] Analyzing VHDL file "C:/Users/DORIAN/Desktop/project_dorian/project_hada.srcs/sim_1/new/fsm_sim.vhd" into library xil_defaultlib
INFO: [VRFC 10-307] analyzing entity fsm_sim
INFO: [USF-XSim-69] 'compile' step finished in '1' seconds
INFO: [USF-XSim-3] XSim::Elaborate design
INFO: [USF-XSim-61] Executing 'ELABORATE' step in 'C:/Users/DORIAN/Desktop/project_dorian/project_hada.sim/sim_1/behav/xsim'
Vivado Simulator 2018.2
Copyright 1986-1999, 2001-2018 Xilinx, Inc. All Rights Reserved.
Running: C:/Users/DORIAN/Desktop/Vivado/2018.2/bin/unwrapped/win64.o/xelab.exe -wto 090286eac3c54f6093da5cc021ed85a9 --incr --debug typical --relax --mt 2 -L xil_defaultlib -L secureip --snapshot fsm_sim_behav xil_defaultlib.fsm_sim -log elaborate.log 
Using 2 slave threads.
Starting static elaboration
Completed static elaboration
Starting simulation data flow analysis
Completed simulation data flow analysis
Time Resolution for simulation is 1ps
Compiling package std.standard
Compiling package std.textio
Compiling package ieee.std_logic_1164
Compiling package ieee.std_logic_arith
Compiling package ieee.std_logic_unsigned
Compiling architecture behavioral of entity xil_defaultlib.counter [counter_default]
Compiling architecture behavioral of entity xil_defaultlib.mux4 [mux4_default]
Compiling architecture behavioral of entity xil_defaultlib.fsm [fsm_default]
Compiling architecture behavioral of entity xil_defaultlib.fsm_sim
Built simulation snapshot fsm_sim_behav
INFO: [USF-XSim-69] 'elaborate' step finished in '2' seconds
INFO: [USF-XSim-4] XSim::Simulate design
INFO: [USF-XSim-61] Executing 'SIMULATE' step in 'C:/Users/DORIAN/Desktop/project_dorian/project_hada.sim/sim_1/behav/xsim'
INFO: [USF-XSim-98] *** Running xsim
   with args "fsm_sim_behav -key {Behavioral:sim_1:Functional:fsm_sim} -tclbatch {fsm_sim.tcl} -log {simulate.log}"
INFO: [USF-XSim-8] Loading simulator feature
Vivado Simulator 2018.2
Time resolution is 1 ps
source fsm_sim.tcl
# set curr_wave [current_wave_config]
# if { [string length $curr_wave] == 0 } {
#   if { [llength [get_objects]] > 0} {
#     add_wave /
#     set_property needs_save false [current_wave_config]
#   } else {
#      send_msg_id Add_Wave-1 WARNING "No top level signals found. Simulator will start without a wave window. If you want to open a wave window go to 'File->New Waveform Configuration' or type 'create_wave_config' in the TCL console."
#   }
# }
# run 1000ns
INFO: [USF-XSim-96] XSim completed. Design snapshot 'fsm_sim_behav' loaded.
INFO: [USF-XSim-97] XSim simulation ran for 1000ns
launch_simulation: Time (s): cpu = 00:00:04 ; elapsed = 00:00:07 . Memory (MB): peak = 883.672 ; gain = 8.754
close_sim
INFO: [Simtcl 6-16] Simulation closed
exit
INFO: [Common 17-206] Exiting Vivado at Thu Jan 13 18:51:37 2022...
